<?xml version="1.0" encoding="UTF-8"?>
<!-- Generated by org.testng.reporters.JUnitXMLReporter -->
<testsuite ignored="0" hostname="RedBlade" failures="1" tests="1" name="Surefire test" time="0.55" errors="0" timestamp="2025-05-19T21:39:06 IST">
  <testcase classname="io.cucumber.testng.AbstractTestNGCucumberTests" name="runScenario" time="0.073">
    <failure type="java.lang.NullPointerException" message="Cannot invoke &amp;quot;java.util.HashMap.getOrDefault(Object, Object)&amp;quot; because &amp;quot;utilities.ExecutionHooks.scenarioMap&amp;quot; is null">
      <![CDATA[java.lang.NullPointerException: Cannot invoke "java.util.HashMap.getOrDefault(Object, Object)" because "utilities.ExecutionHooks.scenarioMap" is null
at utilities.ExecutionHooks.getTestScenarios(ExecutionHooks.java:46)
]]>
    </failure>
  </testcase> <!-- runScenario -->
</testsuite> <!-- Surefire test -->
