-------------------------------------------------------------------------------
Test set: TestSuite
-------------------------------------------------------------------------------
Tests run: 1, Failures: 1, Errors: 0, Skipped: 0, Time elapsed: 0.935 s <<< FAILURE! -- in TestSuite
testrunners.TestRunner.runScenario["Valid login", "Login Functionality"](1) -- Time elapsed: 0.076 s <<< FAILURE!
java.lang.NullPointerException: Cannot invoke "java.util.HashMap.getOrDefault(Object, Object)" because "utilities.ExecutionHooks.scenarioMap" is null
	at utilities.ExecutionHooks.getTestScenarios(ExecutionHooks.java:46)

