<?xml version="1.0" encoding="UTF-8"?>
<testsuite xmlns:xsi="http://www.w3.org/2001/XMLSchema-instance" xsi:noNamespaceSchemaLocation="https://maven.apache.org/surefire/maven-surefire-plugin/xsd/surefire-test-report-3.0.xsd" version="3.0" name="TestSuite" time="0.935" tests="1" errors="0" skipped="0" failures="1">
  <properties>
[...]
</properties>
  <testcase name="runScenario[&quot;Valid login&quot;, &quot;Login Functionality&quot;](1)" classname="testrunners.TestRunner" time="0.076">
    <failure message="Cannot invoke &quot;java.util.HashMap.getOrDefault(Object, Object)&quot; because &quot;utilities.ExecutionHooks.scenarioMap&quot; is null" type="java.lang.NullPointerException"><![CDATA[java.lang.NullPointerException: Cannot invoke "java.util.HashMap.getOrDefault(Object, Object)" because "utilities.ExecutionHooks.scenarioMap" is null
	at utilities.ExecutionHooks.getTestScenarios(ExecutionHooks.java:46)
]]></failure>
    <system-out><![CDATA[Configuring TestNG with: TestNG740Configurator

@tag=loginTests
Scenario: Valid login                                  # src/test/resources/features/login.feature:9
      java.lang.NullPointerException: Cannot invoke "java.util.HashMap.getOrDefault(Object, Object)" because "utilities.ExecutionHooks.scenarioMap" is null
	at utilities.ExecutionHooks.getTestScenarios(ExecutionHooks.java:46)

  Given I launch the browser                           # stepdefinitions.login.i_launch_the_browser()
  When I open the login page                           # stepdefinitions.login.i_open_the_login_page()
  And I enter username "admin" and password "admin123" # stepdefinitions.login.i_enter_username_and_password(java.lang.String,java.lang.String)
  Then I should see the homepage                       # stepdefinitions.login.i_should_see_the_homepage()
]]></system-out>
    <system-err><![CDATA[SLF4J: Failed to load class "org.slf4j.impl.StaticLoggerBinder".
SLF4J: Defaulting to no-operation (NOP) logger implementation
SLF4J: See http://www.slf4j.org/codes.html#StaticLoggerBinder for further details.
]]></system-err>
  </testcase>
</testsuite>